2023-11-13 16:52:13.724 | INFO     | __main__:main:79 - {
    "seed": 2022,
    "gpu": 0,
    "log_path": "log/tgredial.log",
    "checkpoint_path": "save/tgredial",
    "graph_path": "data/tgredial/data.bin",
    "meta_path": "data/tgredial/embedding_meta_data.pkl",
    "random_walk_hops": 128,
    "restart_prob": 0.5,
    "sample_num": 12288,
    "emb_dim": 128,
    "n_relation": 56,
    "n_bases": 8,
    "alpha": 0.999,
    "queue_size": 16384,
    "temperature": 0.07,
    "use_softmax": true,
    "batch_size": 1024,
    "learning_rate": 0.005,
    "beta1": 0.9,
    "beta2": 0.999,
    "weight_decay": 1e-05,
    "epochs": 11,
    "lr_decay_rate": 0.0,
    "lr_decay_epochs": [
        120,
        160,
        200
    ],
    "clip_norm": 1.0
}
2023-11-13 16:52:18.704 | INFO     | moco:__init__:21 - [Using queue shape: (16384), (128)]
2023-11-13 16:54:04.664 | INFO     | __main__:main:79 - {
    "seed": 2022,
    "gpu": 0,
    "log_path": "log/tgredial.log",
    "checkpoint_path": "save/tgredial",
    "graph_path": "data/tgredial/data.bin",
    "meta_path": "data/tgredial/embedding_meta_data.pkl",
    "random_walk_hops": 128,
    "restart_prob": 0.5,
    "sample_num": 12288,
    "emb_dim": 128,
    "n_relation": 56,
    "n_bases": 8,
    "alpha": 0.999,
    "queue_size": 16384,
    "temperature": 0.07,
    "use_softmax": true,
    "batch_size": 1024,
    "learning_rate": 0.005,
    "beta1": 0.9,
    "beta2": 0.999,
    "weight_decay": 1e-05,
    "epochs": 11,
    "lr_decay_rate": 0.0,
    "lr_decay_epochs": [
        120,
        160,
        200
    ],
    "clip_norm": 1.0
}
2023-11-13 16:54:09.764 | INFO     | moco:__init__:21 - [Using queue shape: (16384), (128)]
2023-11-13 16:54:57.192 | INFO     | __main__:main:79 - {
    "seed": 2022,
    "gpu": 0,
    "log_path": "log/tgredial.log",
    "checkpoint_path": "save/tgredial",
    "graph_path": "data/tgredial/data.bin",
    "meta_path": "data/tgredial/embedding_meta_data.pkl",
    "random_walk_hops": 128,
    "restart_prob": 0.5,
    "sample_num": 12288,
    "emb_dim": 128,
    "n_relation": 56,
    "n_bases": 8,
    "alpha": 0.999,
    "queue_size": 16384,
    "temperature": 0.07,
    "use_softmax": true,
    "batch_size": 1024,
    "learning_rate": 0.005,
    "beta1": 0.9,
    "beta2": 0.999,
    "weight_decay": 1e-05,
    "epochs": 11,
    "lr_decay_rate": 0.0,
    "lr_decay_epochs": [
        120,
        160,
        200
    ],
    "clip_norm": 1.0
}
2023-11-13 16:55:02.815 | INFO     | moco:__init__:21 - [Using queue shape: (16384), (128)]
2023-11-13 16:56:56.131 | INFO     | __main__:main:79 - {
    "seed": 2022,
    "gpu": 0,
    "log_path": "log/tgredial.log",
    "checkpoint_path": "save/tgredial",
    "graph_path": "data/tgredial/data.bin",
    "meta_path": "data/tgredial/embedding_meta_data.pkl",
    "random_walk_hops": 128,
    "restart_prob": 0.5,
    "sample_num": 12288,
    "emb_dim": 128,
    "n_relation": 56,
    "n_bases": 8,
    "alpha": 0.999,
    "queue_size": 16384,
    "temperature": 0.07,
    "use_softmax": true,
    "batch_size": 1024,
    "learning_rate": 0.005,
    "beta1": 0.9,
    "beta2": 0.999,
    "weight_decay": 1e-05,
    "epochs": 11,
    "lr_decay_rate": 0.0,
    "lr_decay_epochs": [
        120,
        160,
        200
    ],
    "clip_norm": 1.0
}
2023-11-13 16:57:01.676 | INFO     | moco:__init__:21 - [Using queue shape: (16384), (128)]
2023-11-13 17:00:49.893 | INFO     | __main__:main:79 - {
    "seed": 2022,
    "gpu": 0,
    "log_path": "log/tgredial.log",
    "checkpoint_path": "save/tgredial",
    "graph_path": "data/tgredial/data.bin",
    "meta_path": "data/tgredial/embedding_meta_data.pkl",
    "random_walk_hops": 128,
    "restart_prob": 0.5,
    "sample_num": 12288,
    "emb_dim": 128,
    "n_relation": 56,
    "n_bases": 8,
    "alpha": 0.999,
    "queue_size": 16384,
    "temperature": 0.07,
    "use_softmax": true,
    "batch_size": 1024,
    "learning_rate": 0.005,
    "beta1": 0.9,
    "beta2": 0.999,
    "weight_decay": 1e-05,
    "epochs": 11,
    "lr_decay_rate": 0.0,
    "lr_decay_epochs": [
        120,
        160,
        200
    ],
    "clip_norm": 1.0
}
2023-11-13 17:00:55.543 | INFO     | moco:__init__:21 - [Using queue shape: (16384), (128)]
2023-11-13 17:01:57.802 | INFO     | __main__:main:79 - {
    "seed": 2022,
    "gpu": 0,
    "log_path": "log/tgredial.log",
    "checkpoint_path": "save/tgredial",
    "graph_path": "data/tgredial/data.bin",
    "meta_path": "data/tgredial/embedding_meta_data.pkl",
    "random_walk_hops": 128,
    "restart_prob": 0.5,
    "sample_num": 12288,
    "emb_dim": 128,
    "n_relation": 56,
    "n_bases": 8,
    "alpha": 0.999,
    "queue_size": 16384,
    "temperature": 0.07,
    "use_softmax": true,
    "batch_size": 1024,
    "learning_rate": 0.005,
    "beta1": 0.9,
    "beta2": 0.999,
    "weight_decay": 1e-05,
    "epochs": 11,
    "lr_decay_rate": 0.0,
    "lr_decay_epochs": [
        120,
        160,
        200
    ],
    "clip_norm": 1.0
}
2023-11-13 17:02:03.240 | INFO     | moco:__init__:21 - [Using queue shape: (16384), (128)]
2023-11-13 17:02:23.358 | INFO     | __main__:main:79 - {
    "seed": 2022,
    "gpu": 0,
    "log_path": "log/tgredial.log",
    "checkpoint_path": "save/tgredial",
    "graph_path": "data/tgredial/data.bin",
    "meta_path": "data/tgredial/embedding_meta_data.pkl",
    "random_walk_hops": 128,
    "restart_prob": 0.5,
    "sample_num": 12288,
    "emb_dim": 128,
    "n_relation": 56,
    "n_bases": 8,
    "alpha": 0.999,
    "queue_size": 16384,
    "temperature": 0.07,
    "use_softmax": true,
    "batch_size": 1024,
    "learning_rate": 0.005,
    "beta1": 0.9,
    "beta2": 0.999,
    "weight_decay": 1e-05,
    "epochs": 11,
    "lr_decay_rate": 0.0,
    "lr_decay_epochs": [
        120,
        160,
        200
    ],
    "clip_norm": 1.0
}
2023-11-13 17:02:27.964 | INFO     | moco:__init__:21 - [Using queue shape: (16384), (128)]
2023-11-13 17:03:23.504 | INFO     | __main__:main:79 - {
    "seed": 2022,
    "gpu": 0,
    "log_path": "log/tgredial.log",
    "checkpoint_path": "save/tgredial",
    "graph_path": "data/tgredial/data.bin",
    "meta_path": "data/tgredial/embedding_meta_data.pkl",
    "random_walk_hops": 128,
    "restart_prob": 0.5,
    "sample_num": 12288,
    "emb_dim": 128,
    "n_relation": 56,
    "n_bases": 8,
    "alpha": 0.999,
    "queue_size": 16384,
    "temperature": 0.07,
    "use_softmax": true,
    "batch_size": 1024,
    "learning_rate": 0.005,
    "beta1": 0.9,
    "beta2": 0.999,
    "weight_decay": 1e-05,
    "epochs": 11,
    "lr_decay_rate": 0.0,
    "lr_decay_epochs": [
        120,
        160,
        200
    ],
    "clip_norm": 1.0
}
2023-11-13 17:03:29.080 | INFO     | moco:__init__:21 - [Using queue shape: (16384), (128)]
2023-11-13 17:04:01.283 | INFO     | __main__:main:79 - {
    "seed": 2022,
    "gpu": 0,
    "log_path": "log/tgredial.log",
    "checkpoint_path": "save/tgredial",
    "graph_path": "data/tgredial/data.bin",
    "meta_path": "data/tgredial/embedding_meta_data.pkl",
    "random_walk_hops": 128,
    "restart_prob": 0.5,
    "sample_num": 12288,
    "emb_dim": 128,
    "n_relation": 56,
    "n_bases": 8,
    "alpha": 0.999,
    "queue_size": 16384,
    "temperature": 0.07,
    "use_softmax": true,
    "batch_size": 1024,
    "learning_rate": 0.005,
    "beta1": 0.9,
    "beta2": 0.999,
    "weight_decay": 1e-05,
    "epochs": 11,
    "lr_decay_rate": 0.0,
    "lr_decay_epochs": [
        120,
        160,
        200
    ],
    "clip_norm": 1.0
}
2023-11-13 17:04:05.528 | INFO     | moco:__init__:21 - [Using queue shape: (16384), (128)]
2023-11-13 17:06:03.909 | INFO     | __main__:main:79 - {
    "seed": 2022,
    "gpu": 0,
    "log_path": "log/tgredial.log",
    "checkpoint_path": "save/tgredial",
    "graph_path": "data/tgredial/data.bin",
    "meta_path": "data/tgredial/embedding_meta_data.pkl",
    "random_walk_hops": 128,
    "restart_prob": 0.5,
    "sample_num": 12288,
    "emb_dim": 128,
    "n_relation": 56,
    "n_bases": 8,
    "alpha": 0.999,
    "queue_size": 16384,
    "temperature": 0.07,
    "use_softmax": true,
    "batch_size": 1024,
    "learning_rate": 0.005,
    "beta1": 0.9,
    "beta2": 0.999,
    "weight_decay": 1e-05,
    "epochs": 11,
    "lr_decay_rate": 0.0,
    "lr_decay_epochs": [
        120,
        160,
        200
    ],
    "clip_norm": 1.0
}
2023-11-13 17:06:08.153 | INFO     | moco:__init__:21 - [Using queue shape: (16384), (128)]
2023-11-13 17:07:40.046 | INFO     | __main__:main:79 - {
    "seed": 2022,
    "gpu": 0,
    "log_path": "log/tgredial.log",
    "checkpoint_path": "save/tgredial",
    "graph_path": "data/tgredial/data.bin",
    "meta_path": "data/tgredial/embedding_meta_data.pkl",
    "random_walk_hops": 128,
    "restart_prob": 0.5,
    "sample_num": 12288,
    "emb_dim": 128,
    "n_relation": 56,
    "n_bases": 8,
    "alpha": 0.999,
    "queue_size": 16384,
    "temperature": 0.07,
    "use_softmax": true,
    "batch_size": 1024,
    "learning_rate": 0.005,
    "beta1": 0.9,
    "beta2": 0.999,
    "weight_decay": 1e-05,
    "epochs": 11,
    "lr_decay_rate": 0.0,
    "lr_decay_epochs": [
        120,
        160,
        200
    ],
    "clip_norm": 1.0
}
2023-11-13 17:07:44.647 | INFO     | moco:__init__:21 - [Using queue shape: (16384), (128)]
2023-11-13 17:08:53.973 | INFO     | __main__:main:79 - {
    "seed": 2022,
    "gpu": 0,
    "log_path": "log/tgredial.log",
    "checkpoint_path": "save/tgredial",
    "graph_path": "data/tgredial/data.bin",
    "meta_path": "data/tgredial/embedding_meta_data.pkl",
    "random_walk_hops": 128,
    "restart_prob": 0.5,
    "sample_num": 12288,
    "emb_dim": 128,
    "n_relation": 56,
    "n_bases": 8,
    "alpha": 0.999,
    "queue_size": 16384,
    "temperature": 0.07,
    "use_softmax": true,
    "batch_size": 1024,
    "learning_rate": 0.005,
    "beta1": 0.9,
    "beta2": 0.999,
    "weight_decay": 1e-05,
    "epochs": 11,
    "lr_decay_rate": 0.0,
    "lr_decay_epochs": [
        120,
        160,
        200
    ],
    "clip_norm": 1.0
}
2023-11-13 17:08:58.216 | INFO     | moco:__init__:21 - [Using queue shape: (16384), (128)]
2023-11-13 17:09:09.648 | INFO     | __main__:main:79 - {
    "seed": 2022,
    "gpu": 0,
    "log_path": "log/tgredial.log",
    "checkpoint_path": "save/tgredial",
    "graph_path": "data/tgredial/data.bin",
    "meta_path": "data/tgredial/embedding_meta_data.pkl",
    "random_walk_hops": 128,
    "restart_prob": 0.5,
    "sample_num": 12288,
    "emb_dim": 128,
    "n_relation": 56,
    "n_bases": 8,
    "alpha": 0.999,
    "queue_size": 16384,
    "temperature": 0.07,
    "use_softmax": true,
    "batch_size": 1024,
    "learning_rate": 0.005,
    "beta1": 0.9,
    "beta2": 0.999,
    "weight_decay": 1e-05,
    "epochs": 11,
    "lr_decay_rate": 0.0,
    "lr_decay_epochs": [
        120,
        160,
        200
    ],
    "clip_norm": 1.0
}
2023-11-13 17:09:13.918 | INFO     | moco:__init__:21 - [Using queue shape: (16384), (128)]
2023-11-13 17:10:00.193 | INFO     | __main__:main:79 - {
    "seed": 2022,
    "gpu": 0,
    "log_path": "log/tgredial.log",
    "checkpoint_path": "save/tgredial",
    "graph_path": "data/tgredial/data.bin",
    "meta_path": "data/tgredial/embedding_meta_data.pkl",
    "random_walk_hops": 128,
    "restart_prob": 0.5,
    "sample_num": 12288,
    "emb_dim": 128,
    "n_relation": 56,
    "n_bases": 8,
    "alpha": 0.999,
    "queue_size": 16384,
    "temperature": 0.07,
    "use_softmax": true,
    "batch_size": 1024,
    "learning_rate": 0.005,
    "beta1": 0.9,
    "beta2": 0.999,
    "weight_decay": 1e-05,
    "epochs": 11,
    "lr_decay_rate": 0.0,
    "lr_decay_epochs": [
        120,
        160,
        200
    ],
    "clip_norm": 1.0
}
2023-11-13 17:10:04.606 | INFO     | moco:__init__:21 - [Using queue shape: (16384), (128)]
2023-11-13 17:11:41.095 | INFO     | __main__:main:79 - {
    "seed": 2022,
    "gpu": 0,
    "log_path": "log/tgredial.log",
    "checkpoint_path": "save/tgredial",
    "graph_path": "data/tgredial/data.bin",
    "meta_path": "data/tgredial/embedding_meta_data.pkl",
    "random_walk_hops": 128,
    "restart_prob": 0.5,
    "sample_num": 12288,
    "emb_dim": 128,
    "n_relation": 56,
    "n_bases": 8,
    "alpha": 0.999,
    "queue_size": 16384,
    "temperature": 0.07,
    "use_softmax": true,
    "batch_size": 1024,
    "learning_rate": 0.005,
    "beta1": 0.9,
    "beta2": 0.999,
    "weight_decay": 1e-05,
    "epochs": 11,
    "lr_decay_rate": 0.0,
    "lr_decay_epochs": [
        120,
        160,
        200
    ],
    "clip_norm": 1.0
}
2023-11-13 17:11:45.427 | INFO     | moco:__init__:21 - [Using queue shape: (16384), (128)]
