2024-02-02 00:22:29.311 | INFO     | crslab.config.config:__init__:86 - [Dataset: HTGReDial tokenized in pkuseg]
2024-02-02 00:22:29.312 | INFO     | crslab.config.config:__init__:88 - [Model: MHIM]
2024-02-02 00:22:29.312 | INFO     | crslab.config.config:__init__:95 - [Config]
{
    "dataset": "HTGReDial",
    "tokenize": "pkuseg",
    "related_truncate": 1024,
    "context_truncate": 256,
    "response_truncate": 30,
    "scale": 1,
    "model": "MHIM",
    "token_emb_dim": 300,
    "kg_emb_dim": 128,
    "num_bases": 8,
    "n_heads": 2,
    "n_layers": 2,
    "ffn_size": 300,
    "dropout": 0.1,
    "attention_dropout": 0.0,
    "relu_dropout": 0.1,
    "learn_positional_embeddings": false,
    "embeddings_scale": true,
    "reduction": false,
    "n_positions": 1024,
    "user_proj_dim": 512,
    "mha_n_heads": 4,
    "pooling": "Attn",
    "extension_strategy": "Adaptive",
    "rec": {
        "epoch": 10,
        "batch_size": 64,
        "early_stop": true,
        "stop_mode": "min",
        "impatience": 2,
        "optimizer": {
            "name": "Adam",
            "lr": 0.001
        }
    },
    "conv": {
        "epoch": 0,
        "batch_size": 128,
        "impatience": 1,
        "optimizer": {
            "name": "Adam",
            "lr": 0.001
        },
        "lr_scheduler": {
            "name": "ReduceLROnPlateau",
            "patience": 3,
            "factor": 0.5
        },
        "gradient_clip": 0.1
    },
    "pretrain": true,
    "pretrain_epoch": 10,
    "gpu": [
        0
    ],
    "model_name": "MHIM"
}
2024-02-02 00:22:47.744 | INFO     | crslab.data.dataset.base:__init__:49 - [Finish data load]
2024-02-02 00:40:51.606 | INFO     | crslab.data.dataset.base:__init__:55 - [Finish data preprocess]
2024-02-02 00:40:52.735 | INFO     | crslab.model.crs.mhim.mhim:build_model:129 - [Load Pretrain Weights from pretrain/HTGReDial/10-epoch.pth]
2024-02-02 00:40:55.363 | INFO     | crslab.model.crs.mhim.mhim:_build_adjacent_matrix:171 - [Adjacent Matrix built.]
2024-02-02 00:40:57.598 | INFO     | crslab.model:get_model:27 - [Build model MHIM]
2024-02-02 00:40:57.645 | INFO     | crslab.evaluator:get_evaluator:25 - [Build evaluator standard]
2024-02-02 00:40:57.645 | INFO     | crslab.system:get_system:32 - [Build system MHIM]
2024-02-02 00:40:57.647 | INFO     | crslab.system.base:build_optimizer:138 - [Build optimizer: Adam]
2024-02-02 00:40:57.647 | INFO     | crslab.system.mhim:train_recommender:112 - [Recommendation epoch 0]
2024-02-02 00:40:57.647 | INFO     | crslab.system.mhim:train_recommender:113 - [Train]
2024-02-02 01:03:01.866 | INFO     | crslab.evaluator.standard:report:65 - 
{"grad norm": 10.32, "rec_loss": 9.995}
2024-02-02 01:03:01.867 | INFO     | crslab.system.mhim:train_recommender:118 - [Valid]
2024-02-02 01:04:11.883 | INFO     | crslab.evaluator.standard:report:65 - 
{"cov@10": 428, "cov@15": 541, "cov@20": 643, "cov@5": 266, "mrr@1": 0.000999, "mrr@10": 0.002538, "mrr@50": 0.00362, "ndcg@1": 0.000999, "ndcg@10": 0.003939, "ndcg@50": 0.009458, "rec_loss": 9.698, "recall@1": 0.000999, "recall@10": 0.008658, "recall@50": 0.03463}
2024-02-02 01:04:11.883 | INFO     | crslab.system.base:early_stop:249 - [Get new best model]
2024-02-02 01:04:11.884 | INFO     | crslab.system.mhim:train_recommender:112 - [Recommendation epoch 1]
2024-02-02 01:04:11.884 | INFO     | crslab.system.mhim:train_recommender:113 - [Train]
2024-02-02 01:26:12.872 | INFO     | crslab.evaluator.standard:report:65 - 
{"grad norm": 11.76, "rec_loss": 8.874}
2024-02-02 01:26:12.873 | INFO     | crslab.system.mhim:train_recommender:118 - [Valid]
2024-02-02 01:27:24.054 | INFO     | crslab.evaluator.standard:report:65 - 
{"cov@10": 1119, "cov@15": 1336, "cov@20": 1541, "cov@5": 803, "mrr@1": 0.001332, "mrr@10": 0.005166, "mrr@50": 0.006864, "ndcg@1": 0.001332, "ndcg@10": 0.007818, "ndcg@50": 0.01641, "rec_loss": 9.617, "recall@1": 0.001332, "recall@10": 0.01665, "recall@50": 0.05694}
2024-02-02 01:27:24.054 | INFO     | crslab.system.base:early_stop:249 - [Get new best model]
2024-02-02 01:27:24.055 | INFO     | crslab.system.mhim:train_recommender:112 - [Recommendation epoch 2]
2024-02-02 01:27:24.055 | INFO     | crslab.system.mhim:train_recommender:113 - [Train]
2024-02-02 01:49:23.347 | INFO     | crslab.evaluator.standard:report:65 - 
{"grad norm": 14.21, "rec_loss": 8.075}
2024-02-02 01:49:23.348 | INFO     | crslab.system.mhim:train_recommender:118 - [Valid]
2024-02-02 01:50:32.939 | INFO     | crslab.evaluator.standard:report:65 - 
{"cov@10": 1938, "cov@15": 2395, "cov@20": 2753, "cov@5": 1406, "mrr@1": 0.001665, "mrr@10": 0.006773, "mrr@50": 0.008996, "ndcg@1": 0.001665, "ndcg@10": 0.01019, "ndcg@50": 0.02105, "rec_loss": 9.792, "recall@1": 0.001665, "recall@10": 0.02131, "recall@50": 0.0716}
2024-02-02 01:50:32.940 | INFO     | crslab.system.mhim:train_recommender:112 - [Recommendation epoch 3]
2024-02-02 01:50:32.940 | INFO     | crslab.system.mhim:train_recommender:113 - [Train]
2024-02-02 02:12:36.172 | INFO     | crslab.evaluator.standard:report:65 - 
{"grad norm": 16.6, "rec_loss": 7.106}
2024-02-02 02:12:36.173 | INFO     | crslab.system.mhim:train_recommender:118 - [Valid]
2024-02-02 02:13:45.724 | INFO     | crslab.evaluator.standard:report:65 - 
{"cov@10": 3039, "cov@15": 3679, "cov@20": 4216, "cov@5": 2177, "mrr@1": 0.002997, "mrr@10": 0.008493, "mrr@50": 0.01067, "ndcg@1": 0.002997, "ndcg@10": 0.01239, "ndcg@50": 0.02293, "rec_loss": 10.15, "recall@1": 0.002997, "recall@10": 0.02531, "recall@50": 0.07393}
2024-02-02 02:13:45.725 | INFO     | crslab.system.base:early_stop:254 - [Early stop]
2024-02-02 02:13:45.725 | INFO     | crslab.system.mhim:train_recommender:129 - [Test]
2024-02-02 02:15:11.581 | INFO     | crslab.evaluator.standard:report:65 - 
{"cov@10": 3057, "cov@15": 3694, "cov@20": 4195, "cov@5": 2154, "mrr@1": 0.005678, "mrr@10": 0.01177, "mrr@50": 0.01359, "ndcg@1": 0.005678, "ndcg@10": 0.01556, "ndcg@50": 0.02491, "rec_loss": 10.29, "recall@1": 0.005678, "recall@10": 0.02806, "recall@50": 0.07214}
2024-02-02 02:15:11.583 | INFO     | crslab.system.base:build_optimizer:138 - [Build optimizer: Adam]
2024-02-02 02:15:11.583 | INFO     | crslab.system.base:build_lr_scheduler:155 - [Build scheduler ReduceLROnPlateau]
2024-02-02 02:15:11.583 | INFO     | crslab.system.mhim:train_conversation:162 - [Test]
2024-02-02 02:20:07.920 | INFO     | crslab.evaluator.standard:report:65 - 
{"bleu@1": 0.03227, "bleu@2": 2.225e-308, "bleu@3": 2.225e-308, "bleu@4": 2.225e-308, "dist@1": 0.1058, "dist@2": 0.3062, "dist@3": 0.4379, "dist@4": 0.5543, "f1": 0.03787}
