2024-02-07 00:20:48.314 | INFO     | crslab.config.config:__init__:86 - [Dataset: HTGReDial tokenized in pkuseg]
2024-02-07 00:20:48.314 | INFO     | crslab.config.config:__init__:88 - [Model: MHIM]
2024-02-07 00:20:48.314 | INFO     | crslab.config.config:__init__:95 - [Config]
{
    "dataset": "HTGReDial",
    "tokenize": "pkuseg",
    "related_truncate": 1024,
    "context_truncate": 256,
    "response_truncate": 30,
    "scale": 1,
    "model": "MHIM",
    "token_emb_dim": 300,
    "kg_emb_dim": 128,
    "num_bases": 8,
    "n_heads": 2,
    "n_layers": 2,
    "ffn_size": 300,
    "dropout": 0.1,
    "attention_dropout": 0.0,
    "relu_dropout": 0.1,
    "learn_positional_embeddings": false,
    "embeddings_scale": true,
    "reduction": false,
    "n_positions": 1024,
    "user_proj_dim": 512,
    "mha_n_heads": 4,
    "pooling": "Attn",
    "extension_strategy": "Adaptive",
    "rec": {
        "epoch": 1,
        "batch_size": 64,
        "early_stop": true,
        "stop_mode": "min",
        "impatience": 2,
        "optimizer": {
            "name": "Adam",
            "lr": 0.001
        }
    },
    "conv": {
        "epoch": 1,
        "batch_size": 128,
        "impatience": 1,
        "optimizer": {
            "name": "Adam",
            "lr": 0.001
        },
        "lr_scheduler": {
            "name": "ReduceLROnPlateau",
            "patience": 3,
            "factor": 0.5
        },
        "gradient_clip": 0.1
    },
    "pretrain": true,
    "pretrain_epoch": 10,
    "gpu": [
        0
    ],
    "model_name": "MHIM"
}
2024-02-07 00:21:05.972 | INFO     | crslab.data.dataset.base:__init__:49 - [Finish data load]
2024-02-07 00:37:09.445 | INFO     | crslab.data.dataset.base:__init__:55 - [Finish data preprocess]
2024-02-07 00:37:10.432 | INFO     | crslab.model.crs.mhim.mhim:build_model:129 - [Load Pretrain Weights from pretrain/HTGReDial/10-epoch.pth]
2024-02-07 00:37:12.707 | INFO     | crslab.model.crs.mhim.mhim:_build_adjacent_matrix:171 - [Adjacent Matrix built.]
2024-02-07 00:37:14.739 | INFO     | crslab.model:get_model:27 - [Build model MHIM]
2024-02-07 00:37:14.790 | INFO     | crslab.evaluator:get_evaluator:25 - [Build evaluator standard]
2024-02-07 00:37:14.790 | INFO     | crslab.system:get_system:32 - [Build system MHIM]
2024-02-07 00:37:14.791 | INFO     | crslab.system.base:build_optimizer:138 - [Build optimizer: Adam]
2024-02-07 00:37:14.792 | INFO     | crslab.system.mhim:train_recommender:112 - [Recommendation epoch 0]
2024-02-07 00:37:14.792 | INFO     | crslab.system.mhim:train_recommender:113 - [Train]
2024-02-07 00:58:36.528 | INFO     | crslab.evaluator.standard:report:65 - 
{"grad norm": 10.32, "rec_loss": 9.995}
2024-02-07 00:58:36.528 | INFO     | crslab.system.mhim:train_recommender:118 - [Valid]
2024-02-07 00:59:40.389 | INFO     | crslab.evaluator.standard:report:65 - 
{"cov@10": 428, "cov@15": 541, "cov@20": 643, "cov@5": 266, "mrr@1": 0.000999, "mrr@10": 0.002538, "mrr@50": 0.00362, "ndcg@1": 0.000999, "ndcg@10": 0.003939, "ndcg@50": 0.009458, "rec_loss": 9.698, "recall@1": 0.000999, "recall@10": 0.008658, "recall@50": 0.03463}
2024-02-07 00:59:40.389 | INFO     | crslab.system.base:early_stop:249 - [Get new best model]
2024-02-07 00:59:40.390 | INFO     | crslab.system.mhim:train_recommender:129 - [Test]
